report@config:load 13.94
Authorized using stored user info.
report@account:authorize 14.38
Exporting assets from Unity.........
[ Stage1 ] Assets exported from Unity and staged for further processing
report@unity:export 6065.39
report@config:load 11.04
C:\Users\Lioz Madar\Desktop\LunaMaker\LunaFlappyBird2\FlappyBird\LunaTemp\expert.json is invalid or doesn't exist
C:\Users\Lioz Madar\Desktop\LunaMaker\LunaFlappyBird2\FlappyBird\LunaTemp\expert.json is invalid or doesn't exist
C:\Users\Lioz Madar\Desktop\LunaMaker\LunaFlappyBird2\FlappyBird\LunaTemp\expert.json is invalid or doesn't exist
C:\Users\Lioz Madar\Desktop\LunaMaker\LunaFlappyBird2\FlappyBird\LunaTemp\expert.json is invalid or doesn't exist
C:\Users\Lioz Madar\Desktop\LunaMaker\LunaFlappyBird2\FlappyBird\LunaTemp\expert.json is invalid or doesn't exist
C:\Users\Lioz Madar\Desktop\LunaMaker\LunaFlappyBird2\FlappyBird\LunaTemp\expert.json is invalid or doesn't exist
C:\Users\Lioz Madar\Desktop\LunaMaker\LunaFlappyBird2\FlappyBird\LunaTemp\expert.json is invalid or doesn't exist
C:\Users\Lioz Madar\Desktop\LunaMaker\LunaFlappyBird2\FlappyBird\LunaTemp\expert.json is invalid or doesn't exist
C:\Users\Lioz Madar\Desktop\LunaMaker\LunaFlappyBird2\FlappyBird\LunaTemp\expert.json is invalid or doesn't exist
C:\Users\Lioz Madar\Desktop\LunaMaker\LunaFlappyBird2\FlappyBird\LunaTemp\expert.json is invalid or doesn't exist
C:\Users\Lioz Madar\Desktop\LunaMaker\LunaFlappyBird2\FlappyBird\LunaTemp\expert.json is invalid or doesn't exist
C:\Users\Lioz Madar\Desktop\LunaMaker\LunaFlappyBird2\FlappyBird\LunaTemp\expert.json is invalid or doesn't exist
C:\Users\Lioz Madar\Desktop\LunaMaker\LunaFlappyBird2\FlappyBird\LunaTemp\expert.json is invalid or doesn't exist
C:\Users\Lioz Madar\Desktop\LunaMaker\LunaFlappyBird2\FlappyBird\LunaTemp\expert.json is invalid or doesn't exist
C:\Users\Lioz Madar\Desktop\LunaMaker\LunaFlappyBird2\FlappyBird\LunaTemp\expert.json is invalid or doesn't exist
C:\Users\Lioz Madar\Desktop\LunaMaker\LunaFlappyBird2\FlappyBird\LunaTemp\expert.json is invalid or doesn't exist
C:\Users\Lioz Madar\Desktop\LunaMaker\LunaFlappyBird2\FlappyBird\LunaTemp\expert.json is invalid or doesn't exist
C:\Users\Lioz Madar\Desktop\LunaMaker\LunaFlappyBird2\FlappyBird\LunaTemp\expert.json is invalid or doesn't exist
C:\Users\Lioz Madar\Desktop\LunaMaker\LunaFlappyBird2\FlappyBird\LunaTemp\expert.json is invalid or doesn't exist
C:\Users\Lioz Madar\Desktop\LunaMaker\LunaFlappyBird2\FlappyBird\LunaTemp\expert.json is invalid or doesn't exist
C:\Users\Lioz Madar\Desktop\LunaMaker\LunaFlappyBird2\FlappyBird\LunaTemp\expert.json is invalid or doesn't exist
C:\Users\Lioz Madar\Desktop\LunaMaker\LunaFlappyBird2\FlappyBird\LunaTemp\expert.json is invalid or doesn't exist
C:\Users\Lioz Madar\Desktop\LunaMaker\LunaFlappyBird2\FlappyBird\LunaTemp\expert.json is invalid or doesn't exist
C:\Users\Lioz Madar\Desktop\LunaMaker\LunaFlappyBird2\FlappyBird\LunaTemp\expert.json is invalid or doesn't exist
C:\Users\Lioz Madar\Desktop\LunaMaker\LunaFlappyBird2\FlappyBird\LunaTemp\expert.json is invalid or doesn't exist
Resources:
{}
report@assets:stage2 2275.19
C:\Users\Lioz Madar\Desktop\LunaMaker\LunaFlappyBird2\FlappyBird\LunaTemp\expert.json is invalid or doesn't exist
report@assets:stage3 366.07
[ Stage2 ] Assets postprocessed and bundled successfully
report@code:compose 53.51
report@config:unity 0.37
MSBuild version 17.3.1+2badb37d1 for .NET Framework

Build started 28/08/2022 19:41:58.

Project "C:\Users\Lioz Madar\Desktop\LunaMaker\LunaMakerPlug\pipeline\templates\LunaCompiler\Scripts\Scripts.csproj" on node 1 (Rebuild target(s)).

CoreClean:
  Deleting file "C:\Users\Lioz Madar\Desktop\LunaMaker\LunaMakerPlug\pipeline\templates\LunaCompiler\Scripts\bin\Debug\UnityScriptsCompiler.dll".

  Deleting file "C:\Users\Lioz Madar\Desktop\LunaMaker\LunaMakerPlug\pipeline\templates\LunaCompiler\Scripts\bin\Debug\UnityScriptsCompiler.pdb".

  Deleting file "C:\Users\Lioz Madar\Desktop\LunaMaker\LunaMakerPlug\pipeline\templates\LunaCompiler\Scripts\bin\Debug\Bridge.dll".

  Deleting file "C:\Users\Lioz Madar\Desktop\LunaMaker\LunaMakerPlug\pipeline\templates\LunaCompiler\Scripts\bin\Debug\Bridge.Html5.dll".

  Deleting file "C:\Users\Lioz Madar\Desktop\LunaMaker\LunaMakerPlug\pipeline\templates\LunaCompiler\Scripts\bin\Debug\Bridge.WebGL.dll".

  Deleting file "C:\Users\Lioz Madar\Desktop\LunaMaker\LunaMakerPlug\pipeline\templates\LunaCompiler\Scripts\bin\Debug\Cinemachine.dll".

  Deleting file "C:\Users\Lioz Madar\Desktop\LunaMaker\LunaMakerPlug\pipeline\templates\LunaCompiler\Scripts\bin\Debug\DOTween.dll".

  Deleting file "C:\Users\Lioz Madar\Desktop\LunaMaker\LunaMakerPlug\pipeline\templates\LunaCompiler\Scripts\bin\Debug\Newtonsoft.Json.dll".

  Deleting file "C:\Users\Lioz Madar\Desktop\LunaMaker\LunaMakerPlug\pipeline\templates\LunaCompiler\Scripts\bin\Debug\Retyped.Core.dll".

  Deleting file "C:\Users\Lioz Madar\Desktop\LunaMaker\LunaMakerPlug\pipeline\templates\LunaCompiler\Scripts\bin\Debug\Retyped.dom.dll".

  Deleting file "C:\Users\Lioz Madar\Desktop\LunaMaker\LunaMakerPlug\pipeline\templates\LunaCompiler\Scripts\bin\Debug\Retyped.es5.dll".

  Deleting file "C:\Users\Lioz Madar\Desktop\LunaMaker\LunaMakerPlug\pipeline\templates\LunaCompiler\Scripts\bin\Debug\Retyped.scripthost.dll".

  Deleting file "C:\Users\Lioz Madar\Desktop\LunaMaker\LunaMakerPlug\pipeline\templates\LunaCompiler\Scripts\bin\Debug\TextMeshPro.dll".

  Deleting file "C:\Users\Lioz Madar\Desktop\LunaMaker\LunaMakerPlug\pipeline\templates\LunaCompiler\Scripts\bin\Debug\UnityEngine.dll".

  Deleting file "C:\Users\Lioz Madar\Desktop\LunaMaker\LunaMakerPlug\pipeline\templates\LunaCompiler\Scripts\bin\Debug\UnityEngine.UI.dll".

  Deleting file "C:\Users\Lioz Madar\Desktop\LunaMaker\LunaMakerPlug\pipeline\templates\LunaCompiler\Scripts\bin\Debug\UnityEngine.UniversalRenderPipeline.dll".

  Deleting file "C:\Users\Lioz Madar\Desktop\LunaMaker\LunaMakerPlug\pipeline\templates\LunaCompiler\Scripts\bin\Debug\Bridge.xml".

  Deleting file "C:\Users\Lioz Madar\Desktop\LunaMaker\LunaMakerPlug\pipeline\templates\LunaCompiler\Scripts\bin\Debug\Bridge.Html5.xml".

  Deleting file "C:\Users\Lioz Madar\Desktop\LunaMaker\LunaMakerPlug\pipeline\templates\LunaCompiler\Scripts\bin\Debug\Bridge.WebGL.xml".

  Deleting file "C:\Users\Lioz Madar\Desktop\LunaMaker\LunaMakerPlug\pipeline\templates\LunaCompiler\Scripts\bin\Debug\Newtonsoft.Json.xml".

  Deleting file "C:\Users\Lioz Madar\Desktop\LunaMaker\LunaMakerPlug\pipeline\templates\LunaCompiler\Scripts\bin\Debug\Retyped.Core.xml".

  Deleting file "C:\Users\Lioz Madar\Desktop\LunaMaker\LunaMakerPlug\pipeline\templates\LunaCompiler\Scripts\bin\Debug\Retyped.dom.xml".

  Deleting file "C:\Users\Lioz Madar\Desktop\LunaMaker\LunaMakerPlug\pipeline\templates\LunaCompiler\Scripts\bin\Debug\Retyped.es5.xml".

  Deleting file "C:\Users\Lioz Madar\Desktop\LunaMaker\LunaMakerPlug\pipeline\templates\LunaCompiler\Scripts\bin\Debug\Retyped.scripthost.xml".

  Deleting file "C:\Users\Lioz Madar\Desktop\LunaMaker\LunaMakerPlug\pipeline\templates\LunaCompiler\Scripts\obj\Debug\Scripts.csproj.AssemblyReference.cache".

  Deleting file "C:\Users\Lioz Madar\Desktop\LunaMaker\LunaMakerPlug\pipeline\templates\LunaCompiler\Scripts\obj\Debug\Scripts.csproj.CoreCompileInputs.cache".

  Deleting file "C:\Users\Lioz Madar\Desktop\LunaMaker\LunaMakerPlug\pipeline\templates\LunaCompiler\Scripts\obj\Debug\Scripts.csproj.CopyComplete".

  Deleting file "C:\Users\Lioz Madar\Desktop\LunaMaker\LunaMakerPlug\pipeline\templates\LunaCompiler\Scripts\obj\Debug\UnityScriptsCompiler.dll".

  Deleting file "C:\Users\Lioz Madar\Desktop\LunaMaker\LunaMakerPlug\pipeline\templates\LunaCompiler\Scripts\obj\Debug\UnityScriptsCompiler.pdb".

GenerateTargetFrameworkMonikerAttribute:
Skipping target "GenerateTargetFrameworkMonikerAttribute" because all output files are up-to-date with respect to the input files.

CoreCompile:
  C:\Program Files (x86)\Microsoft Visual Studio\2022\BuildTools\MSBuild\Current\Bin\Roslyn\csc.exe /noconfig /nowarn:CS0626,1701,1702 /fullpaths /nostdlib+ /errorreport:prompt /warn:4 /define:UNITY_LUNA;CSHARP_7_OR_LATER;CSHARP_7_3_OR_NEWER;UNITY_5_3_OR_NEWER;UNITY_5_4_OR_NEWER;UNITY_5_5_OR_NEWER;UNITY_2019;UNITY_2017_1_OR_NEWER;UNITY_2017_2_OR_NEWER;UNITY_2017_3_OR_NEWER;UNITY_2017_4_OR_NEWER;UNITY_2018_1_OR_NEWER;UNITY_2018_2_OR_NEWER;UNITY_2018_3_OR_NEWER;UNITY_2018_4_OR_NEWER;UNITY_2019_1_OR_NEWER;UNITY_2019_2_OR_NEWER;UNITY_2019_3_OR_NEWER;UNITY_2019_4_OR_NEWER;UNITY_2019_4;UNITY_2019_4_40 /highentropyva+ /reference:"C:\Users\Lioz Madar\Desktop\LunaMaker\LunaMakerPlug\pipeline\templates\LunaCompiler\packages\Bridge.Core.17.9.19-luna\lib\net40\Bridge.dll" /reference:"C:\Users\Lioz Madar\Desktop\LunaMaker\LunaMakerPlug\pipeline\templates\LunaCompiler\packages\Bridge.Html5.17.9.0\lib\net40\Bridge.Html5.dll" /reference:"C:\Users\Lioz Madar\Desktop\LunaMaker\LunaMakerPlug\pipeline\templates\LunaCompiler\packages\Bridge.WebGL.1.22.0\lib\net40\Bridge.WebGL.dll" /reference:"C:\Users\Lioz Madar\Desktop\LunaMaker\LunaMakerPlug\pipeline\templates\LunaCompiler\packages\DOTween.1.2.235\lib\net40\DOTween.dll" /reference:"C:\Users\Lioz Madar\Desktop\LunaMaker\LunaMakerPlug\pipeline\templates\LunaCompiler\packages\Bridge.Newtonsoft.Json.1.16.0\lib\net40\Newtonsoft.Json.dll" /reference:"C:\Users\Lioz Madar\Desktop\LunaMaker\LunaMakerPlug\pipeline\templates\LunaCompiler\packages\Retyped.Core.1.6.6733\lib\net40\Retyped.Core.dll" /reference:"C:\Users\Lioz Madar\Desktop\LunaMaker\LunaMakerPlug\pipeline\templates\LunaCompiler\packages\Retyped.dom.2.8.6733\lib\net40\Retyped.dom.dll" /reference:"C:\Users\Lioz Madar\Desktop\LunaMaker\LunaMakerPlug\pipeline\templates\LunaCompiler\packages\Retyped.es5.2.8.6733\lib\net40\Retyped.es5.dll" /reference:"C:\Users\Lioz Madar\Desktop\LunaMaker\LunaMakerPlug\pipeline\templates\LunaCompiler\packages\Retyped.scripthost.2.8.6733\lib\net40\Retyped.scripthost.dll" /reference:"C:\Users\Lioz Madar\Desktop\LunaMaker\LunaMakerPlug\pipeline\templates\LunaCompiler\packages\com.unity.textmeshpro\2.0.0\TextMeshPro.dll" /reference:"C:\Users\Lioz Madar\Desktop\LunaMaker\LunaMakerPlug\pipeline\templates\LunaCompiler\Scripts\Vendor\UnityEngine.dll" /reference:"C:\Users\Lioz Madar\Desktop\LunaMaker\LunaMakerPlug\pipeline\templates\LunaCompiler\packages\com.unity.ui\1.2.1\UnityEngine.UI.dll" /reference:"C:\Users\Lioz Madar\Desktop\LunaMaker\LunaMakerPlug\pipeline\templates\LunaCompiler\packages\com.unity.urp\7.6\UnityEngine.UniversalRenderPipeline.dll" /debug+ /debug:full /optimize- /out:obj\Debug\UnityScriptsCompiler.dll /subsystemversion:6.00 /target:library /utf8output /langversion:7.2 Properties/AssemblyInfo.cs Sources/OtherDummyScript.cs "obj\Debug\.NETFramework,Version=v4.7.AssemblyAttributes.cs"

  CompilerServer: server - server processed compilation - 28ec4326-5249-40d4-8837-1d192b07d597

_CopyFilesMarkedCopyLocal:
  Copying file from "C:\Users\Lioz Madar\Desktop\LunaMaker\LunaMakerPlug\pipeline\templates\LunaCompiler\packages\Bridge.Newtonsoft.Json.1.16.0\lib\net40\Newtonsoft.Json.dll" to "C:\Users\Lioz Madar\Desktop\LunaMaker\LunaMakerPlug\pipeline\templates\LunaCompiler\Scripts\bin\Debug\Newtonsoft.Json.dll".

  Copying file from "C:\Users\Lioz Madar\Desktop\LunaMaker\LunaMakerPlug\pipeline\templates\LunaCompiler\packages\DOTween.1.2.235\lib\net40\DOTween.dll" to "C:\Users\Lioz Madar\Desktop\LunaMaker\LunaMakerPlug\pipeline\templates\LunaCompiler\Scripts\bin\Debug\DOTween.dll".

  Copying file from "C:\Users\Lioz Madar\Desktop\LunaMaker\LunaMakerPlug\pipeline\templates\LunaCompiler\packages\Bridge.WebGL.1.22.0\lib\net40\Bridge.WebGL.dll" to "C:\Users\Lioz Madar\Desktop\LunaMaker\LunaMakerPlug\pipeline\templates\LunaCompiler\Scripts\bin\Debug\Bridge.WebGL.dll".

  Copying file from "C:\Users\Lioz Madar\Desktop\LunaMaker\LunaMakerPlug\pipeline\templates\LunaCompiler\packages\Bridge.Core.17.9.19-luna\lib\net40\Bridge.dll" to "C:\Users\Lioz Madar\Desktop\LunaMaker\LunaMakerPlug\pipeline\templates\LunaCompiler\Scripts\bin\Debug\Bridge.dll".

  Copying file from "C:\Users\Lioz Madar\Desktop\LunaMaker\LunaMakerPlug\pipeline\templates\LunaCompiler\packages\Retyped.Core.1.6.6733\lib\net40\Retyped.Core.dll" to "C:\Users\Lioz Madar\Desktop\LunaMaker\LunaMakerPlug\pipeline\templates\LunaCompiler\Scripts\bin\Debug\Retyped.Core.dll".

  Copying file from "C:\Users\Lioz Madar\Desktop\LunaMaker\LunaMakerPlug\pipeline\templates\LunaCompiler\packages\Bridge.Html5.17.9.0\lib\net40\Bridge.Html5.dll" to "C:\Users\Lioz Madar\Desktop\LunaMaker\LunaMakerPlug\pipeline\templates\LunaCompiler\Script
s\bin\Debug\Bridge.Html5.dll".

  Copying file from "C:\Users\Lioz Madar\Desktop\LunaMaker\LunaMakerPlug\pipeline\templates\LunaCompiler\packages\Retyped.dom.2.8.6733\lib\net40\Retyped.dom.dll" to "C:\Users\Lioz Madar\Desktop\LunaMaker\LunaMakerPlug\pipeline\templates\LunaCompiler\Scripts\bin\Debug\Retyped.dom.dll".

  Copying file from "C:\Users\Lioz Madar\Desktop\LunaMaker\LunaMakerPlug\pipeline\templates\LunaCompiler\packages\Retyped.es5.2.8.6733\lib\net40\Retyped.es5.dll" to "C:\Users\Lioz Madar\Desktop\LunaMaker\LunaMakerPlug\pipeline\templates\LunaCompiler\Scripts\bin\Debug\Retyped.es5.dll".
  Copying file from "C:\Users\Lioz Madar\Desktop\LunaMaker\LunaMakerPlug\pipeline\templates\LunaCompiler\packages\Retyped.scripthost.2.8.6733\lib\net40\Retyped.scripthost.dll" to "C:\Users\Lioz Madar\Desktop\LunaMaker\LunaMakerPlug\pipeline\templates\LunaCompiler\Scripts\bin\Debug\Retyped.scripthost.dll".

  Copying file from "C:\Users\Lioz Madar\Desktop\LunaMaker\LunaMakerPlug\pipeline\templates\LunaCompiler\packages\com.unity.textmeshpro\2.0.0\TextMeshPro.dll" to "C:\Users\Lioz Madar\Desktop\LunaMaker\LunaMakerPlug\pipeline\templates\LunaCompiler\Scripts\bin\Debug\TextMeshPro.dll".

  Copying file from "C:\Users\Lioz Madar\Desktop\LunaMaker\LunaMakerPlug\pipeline\templates\LunaCompiler\Scripts\Vendor\UnityEngine.dll" to "C:\Users\Lioz Madar\Desktop\LunaMaker\LunaMakerPlug\pipeline\templates\LunaCompiler\Scripts\bin\Debug\UnityEngine.dll".

  Copying file from "C:\Users\Lioz Madar\Desktop\LunaMaker\LunaMakerPlug\pipeline\templates\LunaCompiler\packages\com.unity.ui\1.2.1\UnityEngine.UI.dll" to "C:\Users\Lioz Madar\Desktop\LunaMaker\LunaMakerPlug\pipeline\templates\LunaCompiler\Scripts\bin\Debug\UnityEngine.UI.dll".

  Copying file from "C:\Users\Lioz Madar\Desktop\LunaMaker\LunaMakerPlug\pipeline\templates\LunaCompiler\packages\com.unity.urp\7.6\UnityEngine.UniversalRenderPipeline.dll" to "C:\Users\Lioz Madar\Desktop\LunaMaker\LunaMakerPlug\pipeline\templates\LunaCompiler\Scripts\bin\Debug\UnityEngine.UniversalRenderPipeline.dll".

  Copying file from "C:\Users\Lioz Madar\Desktop\LunaMaker\LunaMakerPlug\pipeline\templates\LunaCompiler\packages\Bridge.Core.17.9.19-luna\lib\net40\Bridge.xml" to "C:\Users\Lioz Madar\Desktop\LunaMaker\LunaMakerPlug\pipeline\templates\LunaCompiler\Scripts\bin\Debug\Bridge.xml".

  Copying file from "C:\Users\Lioz Madar\Desktop\LunaMaker\LunaMakerPlug\pipeline\templates\LunaCompiler\packages\Bridge.Html5.17.9.0\lib\net40\Bridge.Html5.xml" to "C:\Users\Lioz Madar\Desktop\LunaMaker\LunaMakerPlug\pipeline\templates\LunaCompiler\Scripts\bin\Debug\Bridge.Html5.xml".
  Copying file from "C:\Users\Lioz Madar\Desktop\LunaMaker\LunaMakerPlug\pipeline\templates\LunaCompiler\packages\Bridge.WebGL.1.22.0\lib\net40\Bridge.WebGL.xml" to "C:\Users\Lioz Madar\Desktop\LunaMaker\LunaMakerPlug\pipeline\templates\LunaCompiler\Scripts\bin\Debug\Bridge.WebGL.xml".

  Copying file from "C:\Users\Lioz Madar\Desktop\LunaMaker\LunaMakerPlug\pipeline\templates\LunaCompiler\packages\Bridge.Newtonsoft.Json.1.16.0\lib\net40\Newtonsoft.Json.xml" to "C:\Users\Lioz Madar\Desktop\LunaMaker\LunaMakerPlug\pipeline\templates\LunaCompiler\Scripts\bin\Debug\Newtonsoft.Json.xml".

  Copying file from "C:\Users\Lioz Madar\Desktop\LunaMaker\LunaMakerPlug\pipeline\templates\LunaCompiler\packages\Retyped.Core.1.6.6733\lib\net40\Retyped.Core.xml" to "C:\Users\Lioz Madar\Desktop\LunaMaker\LunaMakerPlug\pipeline\templates\LunaCompiler\Scripts\bin\Debug\Retyped.Core.xml".

  Copying file from "C:\Users\Lioz Madar\Desktop\LunaMaker\LunaMakerPlug\pipeline\templates\LunaCompiler\packages\Retyped.dom.2.8.6733\lib\net40\Retyped.dom.xml" to "C:\Users\Lioz Madar\Desktop\LunaMaker\LunaMakerPlug\pipeline\templates\LunaCompiler\Scripts\bin\Debug\Retyped.dom.xml".

  Copying file from "C:\Users\Lioz Madar\Desktop\LunaMaker\LunaMakerPlug\pipeline\templates\LunaCompiler\packages\Retyped.es5.2.8.6733\lib\net40\Retyped.es5.xml" to "C:\Users\Lioz Madar\Desktop\LunaMaker\LunaMakerPlug\pipeline\templates\LunaCompiler\Scripts\bin\Debug\Retyped.es5.xml".

  Copying file from "C:\Users\Lioz Madar\Desktop\LunaMaker\LunaMakerPlug\pipeline\templates\LunaCompiler\packages\Retyped.scripthost.2.8.6733\lib\net40\Retyped.scripthost.xml" to "C:\Users\Lioz Madar\Desktop\LunaMaker\LunaMakerPlug\pipeline\templates\LunaCompiler\Scripts\bin\Debug\Retyped.scripthost.xml".

  Creating "C:\Users\Lioz Madar\Desktop\LunaMaker\LunaMakerPlug\pipeline\templates\LunaCompiler\Scripts\obj\Debug\Scripts.csproj.CopyComplete" because "AlwaysCreate" was specified.

CopyFilesToOutputDirectory:
  Copying file from "C:\Users\Lioz Madar\Desktop\LunaMaker\LunaMakerPlug\pipeline\templates\LunaCompiler\Scripts\obj\Debug\UnityScriptsCompiler.dll" to "C:\Users\Lioz Madar\Desktop\LunaMaker\LunaMakerPlug\pipeline\templates\LunaCompiler\Scripts\bin\Debug\UnityScriptsCompiler.dll".

  Scripts -> C:\Users\Lioz Madar\Desktop\LunaMaker\LunaMakerPlug\pipeline\templates\LunaCompiler\Scripts\bin\Debug\UnityScriptsCompiler.dll

  Copying file from "C:\Users\Lioz Madar\Desktop\LunaMaker\LunaMakerPlug\pipeline\templates\LunaCompiler\Scripts\obj\Debug\UnityScriptsCompiler.pdb" to "C:\Users\Lioz Madar\Desktop\LunaMaker\LunaMakerPlug\pipeline\templates\LunaCompiler\Scripts\bin\Debug\UnityScriptsCompiler.pdb".

BridgeNetCompilerTask:
  Bridge started

      To enable detailed logging, configure "logging" in bridge.json.

      https://github.com/bridgedotnet/Bridge/wiki/global-configuration#logging

  Bridge done

Done Building Project "C:\Users\Lioz Madar\Desktop\LunaMaker\LunaMakerPlug\pipeline\templates\LunaCompiler\Scripts\Scripts.csproj" (Rebuild target(s)).


Build succeeded.
    0 Warning(s)

    0 Error(s)

Time Elapsed 00:00:09.25

Source code compiled successfully!
report@code:build 9809.52
report@diagnostics:verify 0.96
report@diagnostics:upload 2170.16
report@code:stage 14425.95
[ Stage3 ] Code compiled and bundled successfully.
report@package:stage 191665.98
[ Stage4 ] Target platform: playground
[ Stage4 ] Package bundled successfully
report@assets:stats 3.55
